Not searching for unused variables given on the command line.
[36m--[0m The C compiler identification is GNU 9.2.1
[36m--[0m The CXX compiler identification is GNU 9.2.1
[36m--[0m Check for working C compiler: /usr/lib/ccache/cc
[36m--[0m Check for working C compiler: /usr/lib/ccache/cc -- works
[36m--[0m Detecting C compiler ABI info
[36m--[0m Detecting C compiler ABI info - done
[36m--[0m Detecting C compile features
[36m--[0m Detecting C compile features - done
[36m--[0m Check for working CXX compiler: /usr/lib/ccache/c++
[36m--[0m Check for working CXX compiler: /usr/lib/ccache/c++ -- works
[36m--[0m Detecting CXX compiler ABI info
[36m--[0m Detecting CXX compiler ABI info - done
[36m--[0m Detecting CXX compile features
[36m--[0m Detecting CXX compile features - done
[36m--[0m Found OpenMP_C: -fopenmp (found version "4.5")
[36m--[0m Found OpenMP_CXX: -fopenmp (found version "4.5")
[36m--[0m Found OpenMP: TRUE (found version "4.5")
[36m--[0m MRT CMake configuration file found: /opt/mrtsoftware/release/share/cmake/mrt_cmake_configuration.cmake
[36m--[0m Setting -march to sandybridge
[36m--[0m Using CATKIN_DEVEL_PREFIX: /home/htan/master_thesis/camera_calibration_with_Lens_distortion_from_low_rank_textures_ws/devel/.private/selfcalib_tool
[36m--[0m Using CMAKE_PREFIX_PATH: /home/htan/master_thesis/camera_calibration_with_Lens_distortion_from_low_rank_textures_ws/devel;/opt/mrtros;/opt/mrtsoftware/local;/opt/mrtsoftware/release
[36m--[0m This workspace overlays: /home/htan/master_thesis/camera_calibration_with_Lens_distortion_from_low_rank_textures_ws/devel;/opt/mrtros;/opt/mrtsoftware/local;/opt/mrtsoftware/release
[36m--[0m Found PythonInterp: /opt/mrtsoftware/release/lib/mrt-build-tools/bin/python2 (found suitable version "2.7.17", minimum required is "2")
[36m--[0m Using PYTHON_EXECUTABLE: /opt/mrtsoftware/release/lib/mrt-build-tools/bin/python2
[36m--[0m Using Debian Python package layout
[36m--[0m Using empy: /usr/bin/empy
[36m--[0m Using CATKIN_ENABLE_TESTING: ON
[36m--[0m Call enable_testing()
[36m--[0m Using CATKIN_TEST_RESULTS_DIR: /home/htan/master_thesis/camera_calibration_with_Lens_distortion_from_low_rank_textures_ws/build/selfcalib_tool/test_results
[36m--[0m Found gtest sources under '/usr/src/googletest': gtests will be built
[36m--[0m Found gmock sources under '/usr/src/googletest': gmock will be built
[36m--[0m Found PythonInterp: /opt/mrtsoftware/release/lib/mrt-build-tools/bin/python2 (found version "2.7.17")
[36m--[0m Looking for pthread.h
[36m--[0m Looking for pthread.h - found
[36m--[0m Performing Test CMAKE_HAVE_LIBC_PTHREAD
[36m--[0m Performing Test CMAKE_HAVE_LIBC_PTHREAD - Failed
[36m--[0m Looking for pthread_create in pthreads
[36m--[0m Looking for pthread_create in pthreads - not found
[36m--[0m Looking for pthread_create in pthread
[36m--[0m Looking for pthread_create in pthread - found
[36m--[0m Found Threads: TRUE
[36m--[0m Using Python nosetests: /usr/bin/nosetests-2.7
[36m--[0m catkin 0.7.20
[36m--[0m BUILD_SHARED_LIBS is on
[36m--[0m Adding executable "selfcalib_tool" with source: src/SelfCalibration.cpp
[36m--[0m Marking targets "selfcalib_tool-selfcalib_tool-exec" of package "selfcalib_tool" for installation
[36m--[0m Generating cmake exports for selfcalib_tool to /home/htan/master_thesis/camera_calibration_with_Lens_distortion_from_low_rank_textures_ws/devel/.private/selfcalib_tool/share
[36m--[0m Adding nosetests in folder test
[36m--[0m Using Python nosetests: /usr/bin/nosetests-2.7
[36m--[0m Configuring done
[36m--[0m Generating done
[36m--[0m Build files have been written to: /home/htan/master_thesis/camera_calibration_with_Lens_distortion_from_low_rank_textures_ws/build/selfcalib_tool
