make[1]: Warning: File 'CMakeFiles/Makefile2' has modification time 0,091 s in the future
make[2]: Warning: File 'CMakeFiles/_catkin_empty_exported_target.dir/progress.make' has modification time 0,06 s in the future
make[2]: warning:  Clock skew detected.  Your build may be incomplete.
make[2]: Warning: File 'CMakeFiles/_catkin_empty_exported_target.dir/progress.make' has modification time 0,048 s in the future
make[2]: warning:  Clock skew detected.  Your build may be incomplete.
make[2]: Warning: File 'CMakeFiles/selfcalib_tool-selfcalib_tool-exec.dir/progress.make' has modification time 0,055 s in the future
make[2]: warning:  Clock skew detected.  Your build may be incomplete.
make[2]: Warning: File 'CMakeFiles/selfcalib_tool-selfcalib_tool-exec.dir/progress.make' has modification time 0,039 s in the future
/home/htan/master_thesis/camera_calibration_with_Lens_distortion_from_low_rank_textures_ws/src/selfcalib_tool/src/SelfCalibration.cpp:26: error: undefined reference to 'cv::Mat::t() const'
/home/htan/master_thesis/camera_calibration_with_Lens_distortion_from_low_rank_textures_ws/src/selfcalib_tool/src/SelfCalibration.cpp:26: error: undefined reference to 'cv::operator*(cv::Mat const&, cv::MatExpr const&)'
/home/htan/master_thesis/camera_calibration_with_Lens_distortion_from_low_rank_textures_ws/src/selfcalib_tool/src/SelfCalibration.cpp:26: error: undefined reference to 'cv::MatExpr::diag(int) const'
/home/htan/master_thesis/camera_calibration_with_Lens_distortion_from_low_rank_textures_ws/src/selfcalib_tool/src/SelfCalibration.cpp:26: error: undefined reference to 'cv::sum(cv::_InputArray const&)'
/usr/include/opencv2/core/mat.inl.hpp:592: error: undefined reference to 'cv::fastFree(void*)'
/usr/include/opencv2/core/mat.inl.hpp:592: error: undefined reference to 'cv::fastFree(void*)'
/usr/include/opencv2/core/mat.inl.hpp:592: error: undefined reference to 'cv::fastFree(void*)'
/usr/include/opencv2/core/mat.inl.hpp:592: error: undefined reference to 'cv::fastFree(void*)'
/usr/include/opencv2/core/mat.inl.hpp:704: error: undefined reference to 'cv::Mat::deallocate()'
/usr/include/opencv2/core/mat.inl.hpp:704: error: undefined reference to 'cv::Mat::deallocate()'
/usr/include/opencv2/core/mat.inl.hpp:704: error: undefined reference to 'cv::Mat::deallocate()'
/usr/include/opencv2/core/mat.inl.hpp:704: error: undefined reference to 'cv::Mat::deallocate()'
/usr/include/opencv2/core/mat.inl.hpp:684: error: undefined reference to 'cv::Mat::create(int, int const*, int)'
/usr/include/opencv2/core/mat.inl.hpp:2379: error: undefined reference to 'cv::MatConstIterator::seek(int const*, bool)'
/usr/include/opencv2/core/mat.inl.hpp:1484: error: undefined reference to 'cv::Mat::convertTo(cv::_OutputArray const&, int, double, double) const'
/usr/include/opencv2/core/mat.inl.hpp:684: error: undefined reference to 'cv::Mat::create(int, int const*, int)'
/home/htan/master_thesis/camera_calibration_with_Lens_distortion_from_low_rank_textures_ws/src/selfcalib_tool/src/SelfCalibration.cpp:50: error: undefined reference to 'cv::noArray()'
/home/htan/master_thesis/camera_calibration_with_Lens_distortion_from_low_rank_textures_ws/src/selfcalib_tool/src/SelfCalibration.cpp:50: error: undefined reference to 'cv::undistort(cv::_InputArray const&, cv::_OutputArray const&, cv::_InputArray const&, cv::_InputArray const&, cv::_InputArray const&)'
/usr/include/opencv2/core/mat.inl.hpp:1481: error: undefined reference to 'cv::Mat::reshape(int, int, int const*) const'
/usr/include/opencv2/core/mat.inl.hpp:1847: error: undefined reference to 'cv::Mat::convertTo(cv::_OutputArray const&, int, double, double) const'
/usr/include/opencv2/core/mat.inl.hpp:2474: error: undefined reference to 'cv::MatConstIterator::seek(long, bool)'
/usr/include/opencv2/core/mat.inl.hpp:2474: error: undefined reference to 'cv::MatConstIterator::seek(long, bool)'
/usr/include/opencv2/core/mat.inl.hpp:2474: error: undefined reference to 'cv::MatConstIterator::seek(long, bool)'
/usr/include/opencv2/core/mat.inl.hpp:2474: error: undefined reference to 'cv::MatConstIterator::seek(long, bool)'
/usr/include/opencv2/core/mat.inl.hpp:613: error: undefined reference to 'cv::Mat::copySize(cv::Mat const&)'
/usr/include/opencv2/core/mat.inl.hpp:1843: error: undefined reference to 'cv::Mat::reshape(int, int, int const*) const'
/home/htan/master_thesis/camera_calibration_with_Lens_distortion_from_low_rank_textures_ws/src/selfcalib_tool/src/SelfCalibration.cpp:57: error: undefined reference to 'cv::noArray()'
/home/htan/master_thesis/camera_calibration_with_Lens_distortion_from_low_rank_textures_ws/src/selfcalib_tool/src/SelfCalibration.cpp:57: error: undefined reference to 'cv::norm(cv::_InputArray const&, int, cv::_InputArray const&)'
/home/htan/master_thesis/camera_calibration_with_Lens_distortion_from_low_rank_textures_ws/src/selfcalib_tool/src/SelfCalibration.cpp:57: error: undefined reference to 'cv::operator/(cv::Mat const&, double)'
/home/htan/master_thesis/camera_calibration_with_Lens_distortion_from_low_rank_textures_ws/src/selfcalib_tool/src/SelfCalibration.cpp:59: error: undefined reference to 'cv::SVD::compute(cv::_InputArray const&, cv::_OutputArray const&, cv::_OutputArray const&, cv::_OutputArray const&, int)'
/home/htan/master_thesis/camera_calibration_with_Lens_distortion_from_low_rank_textures_ws/src/selfcalib_tool/src/SelfCalibration.cpp:60: error: undefined reference to 'cv::sum(cv::_InputArray const&)'
/home/htan/master_thesis/camera_calibration_with_Lens_distortion_from_low_rank_textures_ws/src/selfcalib_tool/src/SelfCalibration.cpp:89: error: undefined reference to 'cv::Mat::zeros(int, int, int)'
/usr/include/opencv2/core/mat.inl.hpp:664: error: undefined reference to 'cv::Mat::copyTo(cv::_OutputArray const&) const'
/usr/include/opencv2/core/mat.inl.hpp:664: error: undefined reference to 'cv::Mat::copyTo(cv::_OutputArray const&) const'
/home/htan/master_thesis/camera_calibration_with_Lens_distortion_from_low_rank_textures_ws/src/selfcalib_tool/src/SelfCalibration.cpp:103: error: undefined reference to 'cv::operator-(cv::Mat const&, cv::Mat const&)'
/home/htan/master_thesis/camera_calibration_with_Lens_distortion_from_low_rank_textures_ws/src/selfcalib_tool/src/SelfCalibration.cpp:105: error: undefined reference to 'cv::GaussianBlur(cv::_InputArray const&, cv::_OutputArray const&, cv::Size_<int>, double, double, int)'
/usr/include/opencv2/core/operations.hpp:260: error: undefined reference to 'cv::Mat::convertTo(cv::_OutputArray const&, int, double, double) const'
/home/htan/master_thesis/camera_calibration_with_Lens_distortion_from_low_rank_textures_ws/src/selfcalib_tool/src/SelfCalibration.cpp:108: error: undefined reference to 'cv::Mat::reshape(int, int) const'
/usr/include/opencv2/core/mat.inl.hpp:633: error: undefined reference to 'cv::Mat::Mat(cv::Mat const&, cv::Range const&, cv::Range const&)'
/home/htan/master_thesis/camera_calibration_with_Lens_distortion_from_low_rank_textures_ws/src/selfcalib_tool/src/SelfCalibration.cpp:110: error: undefined reference to 'cv::Mat::copyTo(cv::_OutputArray const&) const'
/usr/include/opencv2/core/mat.inl.hpp:684: error: undefined reference to 'cv::Mat::create(int, int const*, int)'
/home/htan/master_thesis/camera_calibration_with_Lens_distortion_from_low_rank_textures_ws/src/selfcalib_tool/src/SelfCalibration.cpp:289: error: undefined reference to 'cv::line(cv::_InputOutputArray const&, cv::Point_<int>, cv::Point_<int>, cv::Scalar_<double> const&, int, int, int)'
/usr/include/opencv2/core/mat.inl.hpp:664: error: undefined reference to 'cv::Mat::copyTo(cv::_OutputArray const&) const'
/home/htan/master_thesis/camera_calibration_with_Lens_distortion_from_low_rank_textures_ws/src/selfcalib_tool/src/SelfCalibration.cpp:180: error: undefined reference to 'cv::Mat::zeros(int, int, int)'
/home/htan/master_thesis/camera_calibration_with_Lens_distortion_from_low_rank_textures_ws/src/selfcalib_tool/src/SelfCalibration.cpp:181: error: undefined reference to 'cv::Mat::zeros(int, int, int)'
/home/htan/master_thesis/camera_calibration_with_Lens_distortion_from_low_rank_textures_ws/src/selfcalib_tool/src/SelfCalibration.cpp:184: error: undefined reference to 'cv::noArray()'
/home/htan/master_thesis/camera_calibration_with_Lens_distortion_from_low_rank_textures_ws/src/selfcalib_tool/src/SelfCalibration.cpp:184: error: undefined reference to 'cv::norm(cv::_InputArray const&, int, cv::_InputArray const&)'
/home/htan/master_thesis/camera_calibration_with_Lens_distortion_from_low_rank_textures_ws/src/selfcalib_tool/src/SelfCalibration.cpp:187: error: undefined reference to 'cv::Mat::zeros(int, int, int)'
/home/htan/master_thesis/camera_calibration_with_Lens_distortion_from_low_rank_textures_ws/src/selfcalib_tool/src/SelfCalibration.cpp:196: error: undefined reference to 'cv::Mat::inv(int) const'
/home/htan/master_thesis/camera_calibration_with_Lens_distortion_from_low_rank_textures_ws/src/selfcalib_tool/src/SelfCalibration.cpp:200: error: undefined reference to 'cv::operator*(cv::Mat const&, cv::Mat const&)'
/home/htan/master_thesis/camera_calibration_with_Lens_distortion_from_low_rank_textures_ws/src/selfcalib_tool/src/SelfCalibration.cpp:203: error: undefined reference to 'cv::operator/(cv::Mat const&, double)'
/home/htan/master_thesis/camera_calibration_with_Lens_distortion_from_low_rank_textures_ws/src/selfcalib_tool/src/SelfCalibration.cpp:203: error: undefined reference to 'cv::Mat::reshape(int, int) const'
/home/htan/master_thesis/camera_calibration_with_Lens_distortion_from_low_rank_textures_ws/src/selfcalib_tool/src/SelfCalibration.cpp:203: error: undefined reference to 'cv::operator+(cv::Mat const&, cv::Mat const&)'
/home/htan/master_thesis/camera_calibration_with_Lens_distortion_from_low_rank_textures_ws/src/selfcalib_tool/src/SelfCalibration.cpp:203: error: undefined reference to 'cv::operator-(cv::MatExpr const&, cv::Mat const&)'
/home/htan/master_thesis/camera_calibration_with_Lens_distortion_from_low_rank_textures_ws/src/selfcalib_tool/src/SelfCalibration.cpp:203: error: undefined reference to 'cv::operator+(cv::MatExpr const&, cv::MatExpr const&)'
/home/htan/master_thesis/camera_calibration_with_Lens_distortion_from_low_rank_textures_ws/src/selfcalib_tool/src/SelfCalibration.cpp:203: error: undefined reference to 'cv::SVD::compute(cv::_InputArray const&, cv::_OutputArray const&, cv::_OutputArray const&, cv::_OutputArray const&, int)'
/home/htan/master_thesis/camera_calibration_with_Lens_distortion_from_low_rank_textures_ws/src/selfcalib_tool/src/SelfCalibration.cpp:209: error: undefined reference to 'cv::Mat::diag(int) const'
/home/htan/master_thesis/camera_calibration_with_Lens_distortion_from_low_rank_textures_ws/src/selfcalib_tool/src/SelfCalibration.cpp:211: error: undefined reference to 'cv::operator*(cv::Mat const&, cv::Mat const&)'
/home/htan/master_thesis/camera_calibration_with_Lens_distortion_from_low_rank_textures_ws/src/selfcalib_tool/src/SelfCalibration.cpp:211: error: undefined reference to 'cv::operator*(cv::MatExpr const&, cv::Mat const&)'
/home/htan/master_thesis/camera_calibration_with_Lens_distortion_from_low_rank_textures_ws/src/selfcalib_tool/src/SelfCalibration.cpp:213: error: undefined reference to 'cv::operator/(cv::Mat const&, double)'
/home/htan/master_thesis/camera_calibration_with_Lens_distortion_from_low_rank_textures_ws/src/selfcalib_tool/src/SelfCalibration.cpp:213: error: undefined reference to 'cv::Mat::reshape(int, int) const'
/home/htan/master_thesis/camera_calibration_with_Lens_distortion_from_low_rank_textures_ws/src/selfcalib_tool/src/SelfCalibration.cpp:213: error: undefined reference to 'cv::operator+(cv::Mat const&, cv::Mat const&)'
/home/htan/master_thesis/camera_calibration_with_Lens_distortion_from_low_rank_textures_ws/src/selfcalib_tool/src/SelfCalibration.cpp:213: error: undefined reference to 'cv::operator-(cv::MatExpr const&, cv::Mat const&)'
/home/htan/master_thesis/camera_calibration_with_Lens_distortion_from_low_rank_textures_ws/src/selfcalib_tool/src/SelfCalibration.cpp:213: error: undefined reference to 'cv::operator+(cv::MatExpr const&, cv::MatExpr const&)'
/home/htan/master_thesis/camera_calibration_with_Lens_distortion_from_low_rank_textures_ws/src/selfcalib_tool/src/SelfCalibration.cpp:216: error: undefined reference to 'cv::operator/(cv::Mat const&, double)'
/home/htan/master_thesis/camera_calibration_with_Lens_distortion_from_low_rank_textures_ws/src/selfcalib_tool/src/SelfCalibration.cpp:216: error: undefined reference to 'cv::operator-(cv::Mat const&)'
/home/htan/master_thesis/camera_calibration_with_Lens_distortion_from_low_rank_textures_ws/src/selfcalib_tool/src/SelfCalibration.cpp:216: error: undefined reference to 'cv::operator+(cv::MatExpr const&, cv::Mat const&)'
/home/htan/master_thesis/camera_calibration_with_Lens_distortion_from_low_rank_textures_ws/src/selfcalib_tool/src/SelfCalibration.cpp:216: error: undefined reference to 'cv::operator+(cv::MatExpr const&, cv::Mat const&)'
/home/htan/master_thesis/camera_calibration_with_Lens_distortion_from_low_rank_textures_ws/src/selfcalib_tool/src/SelfCalibration.cpp:216: error: undefined reference to 'cv::operator-(cv::MatExpr const&, cv::MatExpr const&)'
/home/htan/master_thesis/camera_calibration_with_Lens_distortion_from_low_rank_textures_ws/src/selfcalib_tool/src/SelfCalibration.cpp:217: error: undefined reference to 'cv::Mat::reshape(int, int) const'
/home/htan/master_thesis/camera_calibration_with_Lens_distortion_from_low_rank_textures_ws/src/selfcalib_tool/src/SelfCalibration.cpp:217: error: undefined reference to 'cv::operator*(cv::Mat const&, cv::Mat const&)'
/home/htan/master_thesis/camera_calibration_with_Lens_distortion_from_low_rank_textures_ws/src/selfcalib_tool/src/SelfCalibration.cpp:219: error: undefined reference to 'cv::operator*(cv::Mat const&, cv::Mat const&)'
/home/htan/master_thesis/camera_calibration_with_Lens_distortion_from_low_rank_textures_ws/src/selfcalib_tool/src/SelfCalibration.cpp:220: error: undefined reference to 'cv::operator+(cv::Mat const&, cv::Mat const&)'
/home/htan/master_thesis/camera_calibration_with_Lens_distortion_from_low_rank_textures_ws/src/selfcalib_tool/src/SelfCalibration.cpp:220: error: undefined reference to 'cv::operator-(cv::MatExpr const&, cv::Mat const&)'
/home/htan/master_thesis/camera_calibration_with_Lens_distortion_from_low_rank_textures_ws/src/selfcalib_tool/src/SelfCalibration.cpp:220: error: undefined reference to 'cv::operator-(cv::MatExpr const&, cv::Mat const&)'
/home/htan/master_thesis/camera_calibration_with_Lens_distortion_from_low_rank_textures_ws/src/selfcalib_tool/src/SelfCalibration.cpp:220: error: undefined reference to 'cv::operator*(double, cv::MatExpr const&)'
/home/htan/master_thesis/camera_calibration_with_Lens_distortion_from_low_rank_textures_ws/src/selfcalib_tool/src/SelfCalibration.cpp:230: error: undefined reference to 'cv::noArray()'
/home/htan/master_thesis/camera_calibration_with_Lens_distortion_from_low_rank_textures_ws/src/selfcalib_tool/src/SelfCalibration.cpp:230: error: undefined reference to 'cv::operator-(cv::Mat const&, cv::Mat const&)'
/home/htan/master_thesis/camera_calibration_with_Lens_distortion_from_low_rank_textures_ws/src/selfcalib_tool/src/SelfCalibration.cpp:230: error: undefined reference to 'cv::abs(cv::MatExpr const&)'
/home/htan/master_thesis/camera_calibration_with_Lens_distortion_from_low_rank_textures_ws/src/selfcalib_tool/src/SelfCalibration.cpp:230: error: undefined reference to 'cv::minMaxLoc(cv::_InputArray const&, double*, double*, cv::Point_<int>*, cv::Point_<int>*, cv::_InputArray const&)'
/home/htan/master_thesis/camera_calibration_with_Lens_distortion_from_low_rank_textures_ws/src/selfcalib_tool/src/SelfCalibration.cpp:255: error: undefined reference to 'cv::Mat::convertTo(cv::_OutputArray const&, int, double, double) const'
/home/htan/master_thesis/camera_calibration_with_Lens_distortion_from_low_rank_textures_ws/src/selfcalib_tool/src/SelfCalibration.cpp:256: error: undefined reference to 'cv::imshow(cv::String const&, cv::_InputArray const&)'
/usr/include/opencv2/core/cvstd.hpp:664: error: undefined reference to 'cv::String::deallocate()'
/home/htan/master_thesis/camera_calibration_with_Lens_distortion_from_low_rank_textures_ws/src/selfcalib_tool/src/SelfCalibration.cpp:257: error: undefined reference to 'cvWaitKey'
/usr/include/opencv2/core/cvstd.hpp:664: error: undefined reference to 'cv::String::deallocate()'
/usr/include/opencv2/core/cvstd.hpp:664: error: undefined reference to 'cv::String::deallocate()'
/usr/include/opencv2/core/cvstd.hpp:672: error: undefined reference to 'cv::String::deallocate()'
/usr/include/opencv2/core/cvstd.hpp:622: error: undefined reference to 'cv::String::allocate(unsigned long)'
/home/htan/master_thesis/camera_calibration_with_Lens_distortion_from_low_rank_textures_ws/src/selfcalib_tool/src/SelfCalibration.cpp:303: error: undefined reference to 'cv::namedWindow(cv::String const&, int)'
/home/htan/master_thesis/camera_calibration_with_Lens_distortion_from_low_rank_textures_ws/src/selfcalib_tool/src/SelfCalibration.cpp:304: error: undefined reference to 'cv::namedWindow(cv::String const&, int)'
/home/htan/master_thesis/camera_calibration_with_Lens_distortion_from_low_rank_textures_ws/src/selfcalib_tool/src/SelfCalibration.cpp:307: error: undefined reference to 'cv::imread(cv::String const&, int)'
/home/htan/master_thesis/camera_calibration_with_Lens_distortion_from_low_rank_textures_ws/src/selfcalib_tool/src/SelfCalibration.cpp:308: error: undefined reference to 'cv::resize(cv::_InputArray const&, cv::_OutputArray const&, cv::Size_<int>, double, double, int)'
/home/htan/master_thesis/camera_calibration_with_Lens_distortion_from_low_rank_textures_ws/src/selfcalib_tool/src/SelfCalibration.cpp:310: error: undefined reference to 'cv::imshow(cv::String const&, cv::_InputArray const&)'
/home/htan/master_thesis/camera_calibration_with_Lens_distortion_from_low_rank_textures_ws/src/selfcalib_tool/src/SelfCalibration.cpp:311: error: undefined reference to 'cv::waitKey(int)'
/home/htan/master_thesis/camera_calibration_with_Lens_distortion_from_low_rank_textures_ws/src/selfcalib_tool/src/SelfCalibration.cpp:317: error: undefined reference to 'cv::cvtColor(cv::_InputArray const&, cv::_OutputArray const&, int, int)'
/home/htan/master_thesis/camera_calibration_with_Lens_distortion_from_low_rank_textures_ws/src/selfcalib_tool/src/SelfCalibration.cpp:324: error: undefined reference to 'cv::imshow(cv::String const&, cv::_InputArray const&)'
/usr/include/opencv2/core/mat.inl.hpp:684: error: undefined reference to 'cv::Mat::create(int, int const*, int)'
/usr/include/opencv2/core/cvstd.inl.hpp:183: error: undefined reference to 'cv::Formatter::get(int)'
/home/htan/master_thesis/camera_calibration_with_Lens_distortion_from_low_rank_textures_ws/src/selfcalib_tool/src/SelfCalibration.cpp:348: error: undefined reference to 'cv::imshow(cv::String const&, cv::_InputArray const&)'
/home/htan/master_thesis/camera_calibration_with_Lens_distortion_from_low_rank_textures_ws/src/selfcalib_tool/src/SelfCalibration.cpp:349: error: undefined reference to 'cvWaitKey'
/home/htan/master_thesis/camera_calibration_with_Lens_distortion_from_low_rank_textures_ws/src/selfcalib_tool/src/SelfCalibration.cpp:350: error: undefined reference to 'cv::destroyAllWindows()'
collect2: error: ld returned 1 exit status
make[2]: *** [/home/htan/master_thesis/camera_calibration_with_Lens_distortion_from_low_rank_textures_ws/devel/.private/selfcalib_tool/lib/selfcalib_tool/selfcalib_tool] Error 1
make[1]: *** [CMakeFiles/selfcalib_tool-selfcalib_tool-exec.dir/all] Error 2
make: *** [all] Error 2
