[36m--[0m Found OpenMP_C: -fopenmp
[36m--[0m Found OpenMP_CXX: -fopenmp
[36m--[0m Found OpenMP: TRUE
[36m--[0m MRT CMake configuration file found: /opt/mrtsoftware/release/share/cmake/mrt_cmake_configuration.cmake
[36m--[0m Setting -march to sandybridge
[36m--[0m Using CATKIN_DEVEL_PREFIX: /home/htan/master_thesis/camera_calibration_with_Lens_distortion_from_low_rank_textures_ws/devel/.private/selfcalib_tool
[36m--[0m Using CMAKE_PREFIX_PATH: /home/htan/master_thesis/camera_calibration_with_Lens_distortion_from_low_rank_textures_ws/devel;/opt/mrtros;/opt/mrtsoftware/local;/opt/mrtsoftware/release
[36m--[0m This workspace overlays: /home/htan/master_thesis/camera_calibration_with_Lens_distortion_from_low_rank_textures_ws/devel;/opt/mrtros;/opt/mrtsoftware/local;/opt/mrtsoftware/release
[36m--[0m Found PythonInterp: /opt/mrtsoftware/release/lib/mrt-build-tools/bin/python2 (found suitable version "2.7.17", minimum required is "2")
[36m--[0m Using PYTHON_EXECUTABLE: /opt/mrtsoftware/release/lib/mrt-build-tools/bin/python2
[36m--[0m Using Debian Python package layout
[36m--[0m Using empy: /usr/bin/empy
[36m--[0m Using CATKIN_ENABLE_TESTING: ON
[36m--[0m Call enable_testing()
[36m--[0m Using CATKIN_TEST_RESULTS_DIR: /home/htan/master_thesis/camera_calibration_with_Lens_distortion_from_low_rank_textures_ws/build/selfcalib_tool/test_results
[36m--[0m Found gtest sources under '/usr/src/googletest': gtests will be built
[36m--[0m Found gmock sources under '/usr/src/googletest': gmock will be built
[36m--[0m Found PythonInterp: /opt/mrtsoftware/release/lib/mrt-build-tools/bin/python2 (found version "2.7.17")
[36m--[0m Using Python nosetests: /usr/bin/nosetests-2.7
[36m--[0m catkin 0.7.20
[36m--[0m BUILD_SHARED_LIBS is on
[33m[1mCMake Warning[0m at /home/htan/master_thesis/camera_calibration_with_Lens_distortion_from_low_rank_textures_ws/src/mrt_cmake_modules/cmake/Modules/GatherDeps.cmake:36 (message):
  Usage of mrt_opencv in package.xml is deprecated.  Use 'libopencv-dev'
  instead!

[36mCall Stack (most recent call first):[0m
  CMakeLists.txt:11 (include)


[36m--[0m Found CUDA: /usr/local/cuda (found suitable exact version "10.2")
[36m--[0m Found OpenCV: /opt/mrtsoftware/release (found version "3.4.8")
[36m--[0m Adding executable "selfcalib_tool" with source: src/SelfCalibration.cpp
[36m--[0m Marking targets "selfcalib_tool-selfcalib_tool-exec" of package "selfcalib_tool" for installation
[36m--[0m Generating cmake exports for selfcalib_tool to /home/htan/master_thesis/camera_calibration_with_Lens_distortion_from_low_rank_textures_ws/devel/.private/selfcalib_tool/share
[36m--[0m Adding nosetests in folder test
[36m--[0m Using Python nosetests: /usr/bin/nosetests-2.7
[36m--[0m Configuring done
[36m--[0m Generating done
[36m--[0m Build files have been written to: /home/htan/master_thesis/camera_calibration_with_Lens_distortion_from_low_rank_textures_ws/build/selfcalib_tool
