Performing C SOURCE FILE Test CMAKE_HAVE_LIBC_PTHREAD failed with the following output:
Change Dir: /home/htan/master_thesis/camera_calibration_with_Lens_distortion_from_low_rank_textures_ws/build/catkin_tools_prebuild/CMakeFiles/CMakeTmp

Run Build Command(s):/usr/bin/make cmTC_e6921/fast && make: Warning: File 'Makefile' has modification time 0,15 s in the future
/usr/bin/make -f CMakeFiles/cmTC_e6921.dir/build.make CMakeFiles/cmTC_e6921.dir/build
make[1]: Entering directory '/home/htan/master_thesis/camera_calibration_with_Lens_distortion_from_low_rank_textures_ws/build/catkin_tools_prebuild/CMakeFiles/CMakeTmp'
make[1]: Warning: File 'CMakeFiles/cmTC_e6921.dir/flags.make' has modification time 0,14 s in the future
Building C object CMakeFiles/cmTC_e6921.dir/src.c.o
/usr/lib/ccache/cc   -DCMAKE_HAVE_LIBC_PTHREAD   -o CMakeFiles/cmTC_e6921.dir/src.c.o   -c /home/htan/master_thesis/camera_calibration_with_Lens_distortion_from_low_rank_textures_ws/build/catkin_tools_prebuild/CMakeFiles/CMakeTmp/src.c
Linking C executable cmTC_e6921
/usr/bin/cmake -E cmake_link_script CMakeFiles/cmTC_e6921.dir/link.txt --verbose=1
/usr/lib/ccache/cc  -DCMAKE_HAVE_LIBC_PTHREAD    -rdynamic CMakeFiles/cmTC_e6921.dir/src.c.o  -o cmTC_e6921 
CMakeFiles/cmTC_e6921.dir/src.c.o: In function `main':
src.c:(.text+0x3e): undefined reference to `pthread_create'
src.c:(.text+0x4a): undefined reference to `pthread_detach'
src.c:(.text+0x5b): undefined reference to `pthread_join'
src.c:(.text+0x6f): undefined reference to `pthread_atfork'
collect2: error: ld returned 1 exit status
CMakeFiles/cmTC_e6921.dir/build.make:86: recipe for target 'cmTC_e6921' failed
make[1]: *** [cmTC_e6921] Error 1
make[1]: Leaving directory '/home/htan/master_thesis/camera_calibration_with_Lens_distortion_from_low_rank_textures_ws/build/catkin_tools_prebuild/CMakeFiles/CMakeTmp'
Makefile:121: recipe for target 'cmTC_e6921/fast' failed
make: *** [cmTC_e6921/fast] Error 2


Source file was:
#include <pthread.h>

void* test_func(void* data)
{
  return data;
}

int main(void)
{
  pthread_t thread;
  pthread_create(&thread, NULL, test_func, NULL);
  pthread_detach(thread);
  pthread_join(thread, NULL);
  pthread_atfork(NULL, NULL, NULL);
  pthread_exit(NULL);

  return 0;
}

Determining if the function pthread_create exists in the pthreads failed with the following output:
Change Dir: /home/htan/master_thesis/camera_calibration_with_Lens_distortion_from_low_rank_textures_ws/build/catkin_tools_prebuild/CMakeFiles/CMakeTmp

Run Build Command(s):/usr/bin/make cmTC_c0397/fast && make: Warning: File 'Makefile' has modification time 0,15 s in the future
/usr/bin/make -f CMakeFiles/cmTC_c0397.dir/build.make CMakeFiles/cmTC_c0397.dir/build
make[1]: Entering directory '/home/htan/master_thesis/camera_calibration_with_Lens_distortion_from_low_rank_textures_ws/build/catkin_tools_prebuild/CMakeFiles/CMakeTmp'
make[1]: Warning: File 'CMakeFiles/cmTC_c0397.dir/flags.make' has modification time 0,14 s in the future
Building C object CMakeFiles/cmTC_c0397.dir/CheckFunctionExists.c.o
/usr/lib/ccache/cc   -DCHECK_FUNCTION_EXISTS=pthread_create   -o CMakeFiles/cmTC_c0397.dir/CheckFunctionExists.c.o   -c /usr/share/cmake-3.16/Modules/CheckFunctionExists.c
Linking C executable cmTC_c0397
/usr/bin/cmake -E cmake_link_script CMakeFiles/cmTC_c0397.dir/link.txt --verbose=1
/usr/lib/ccache/cc  -DCHECK_FUNCTION_EXISTS=pthread_create    -rdynamic CMakeFiles/cmTC_c0397.dir/CheckFunctionExists.c.o  -o cmTC_c0397  -lpthreads 
/usr/bin/ld: cannot find -lpthreads
collect2: error: ld returned 1 exit status
CMakeFiles/cmTC_c0397.dir/build.make:86: recipe for target 'cmTC_c0397' failed
make[1]: *** [cmTC_c0397] Error 1
make[1]: Leaving directory '/home/htan/master_thesis/camera_calibration_with_Lens_distortion_from_low_rank_textures_ws/build/catkin_tools_prebuild/CMakeFiles/CMakeTmp'
Makefile:121: recipe for target 'cmTC_c0397/fast' failed
make: *** [cmTC_c0397/fast] Error 2



