Performing C SOURCE FILE Test CMAKE_HAVE_LIBC_PTHREAD failed with the following output:
Change Dir: /home/htan/master_thesis/camera_calibration_with_Lens_distortion_from_low_rank_textures_ws/build/mrt_cmake_modules/CMakeFiles/CMakeTmp

Run Build Command(s):/usr/bin/make cmTC_9c65b/fast && make: Warning: File 'Makefile' has modification time 0,12 s in the future
/usr/bin/make -f CMakeFiles/cmTC_9c65b.dir/build.make CMakeFiles/cmTC_9c65b.dir/build
make[1]: Entering directory '/home/htan/master_thesis/camera_calibration_with_Lens_distortion_from_low_rank_textures_ws/build/mrt_cmake_modules/CMakeFiles/CMakeTmp'
make[1]: Warning: File 'CMakeFiles/cmTC_9c65b.dir/flags.make' has modification time 0,12 s in the future
Building C object CMakeFiles/cmTC_9c65b.dir/src.c.o
/usr/lib/ccache/cc   -DCMAKE_HAVE_LIBC_PTHREAD   -o CMakeFiles/cmTC_9c65b.dir/src.c.o   -c /home/htan/master_thesis/camera_calibration_with_Lens_distortion_from_low_rank_textures_ws/build/mrt_cmake_modules/CMakeFiles/CMakeTmp/src.c
Linking C executable cmTC_9c65b
/usr/bin/cmake -E cmake_link_script CMakeFiles/cmTC_9c65b.dir/link.txt --verbose=1
/usr/lib/ccache/cc  -DCMAKE_HAVE_LIBC_PTHREAD    -rdynamic CMakeFiles/cmTC_9c65b.dir/src.c.o  -o cmTC_9c65b 
CMakeFiles/cmTC_9c65b.dir/src.c.o: In function `main':
src.c:(.text+0x3e): undefined reference to `pthread_create'
src.c:(.text+0x4a): undefined reference to `pthread_detach'
src.c:(.text+0x5b): undefined reference to `pthread_join'
src.c:(.text+0x6f): undefined reference to `pthread_atfork'
collect2: error: ld returned 1 exit status
CMakeFiles/cmTC_9c65b.dir/build.make:86: recipe for target 'cmTC_9c65b' failed
make[1]: *** [cmTC_9c65b] Error 1
make[1]: Leaving directory '/home/htan/master_thesis/camera_calibration_with_Lens_distortion_from_low_rank_textures_ws/build/mrt_cmake_modules/CMakeFiles/CMakeTmp'
Makefile:121: recipe for target 'cmTC_9c65b/fast' failed
make: *** [cmTC_9c65b/fast] Error 2


Source file was:
#include <pthread.h>

void* test_func(void* data)
{
  return data;
}

int main(void)
{
  pthread_t thread;
  pthread_create(&thread, NULL, test_func, NULL);
  pthread_detach(thread);
  pthread_join(thread, NULL);
  pthread_atfork(NULL, NULL, NULL);
  pthread_exit(NULL);

  return 0;
}

Determining if the function pthread_create exists in the pthreads failed with the following output:
Change Dir: /home/htan/master_thesis/camera_calibration_with_Lens_distortion_from_low_rank_textures_ws/build/mrt_cmake_modules/CMakeFiles/CMakeTmp

Run Build Command(s):/usr/bin/make cmTC_2c203/fast && make: Warning: File 'Makefile' has modification time 0,12 s in the future
/usr/bin/make -f CMakeFiles/cmTC_2c203.dir/build.make CMakeFiles/cmTC_2c203.dir/build
make[1]: Entering directory '/home/htan/master_thesis/camera_calibration_with_Lens_distortion_from_low_rank_textures_ws/build/mrt_cmake_modules/CMakeFiles/CMakeTmp'
make[1]: Warning: File 'CMakeFiles/cmTC_2c203.dir/flags.make' has modification time 0,12 s in the future
Building C object CMakeFiles/cmTC_2c203.dir/CheckFunctionExists.c.o
/usr/lib/ccache/cc   -DCHECK_FUNCTION_EXISTS=pthread_create   -o CMakeFiles/cmTC_2c203.dir/CheckFunctionExists.c.o   -c /usr/share/cmake-3.16/Modules/CheckFunctionExists.c
Linking C executable cmTC_2c203
/usr/bin/cmake -E cmake_link_script CMakeFiles/cmTC_2c203.dir/link.txt --verbose=1
/usr/lib/ccache/cc  -DCHECK_FUNCTION_EXISTS=pthread_create    -rdynamic CMakeFiles/cmTC_2c203.dir/CheckFunctionExists.c.o  -o cmTC_2c203  -lpthreads 
/usr/bin/ld: cannot find -lpthreads
collect2: error: ld returned 1 exit status
CMakeFiles/cmTC_2c203.dir/build.make:86: recipe for target 'cmTC_2c203' failed
make[1]: *** [cmTC_2c203] Error 1
make[1]: Leaving directory '/home/htan/master_thesis/camera_calibration_with_Lens_distortion_from_low_rank_textures_ws/build/mrt_cmake_modules/CMakeFiles/CMakeTmp'
Makefile:121: recipe for target 'cmTC_2c203/fast' failed
make: *** [cmTC_2c203/fast] Error 2



