Performing C SOURCE FILE Test CMAKE_HAVE_LIBC_PTHREAD failed with the following output:
Change Dir: /home/htan/master_thesis/camera_calibration_with_Lens_distortion_from_low_rank_textures_ws/src/cmake-build-debug/CMakeFiles/CMakeTmp

Run Build Command(s):/usr/bin/make cmTC_514d3/fast && make: Warning: File 'Makefile' has modification time 0,23 s in the future
/usr/bin/make -f CMakeFiles/cmTC_514d3.dir/build.make CMakeFiles/cmTC_514d3.dir/build
make[1]: Entering directory '/home/htan/master_thesis/camera_calibration_with_Lens_distortion_from_low_rank_textures_ws/src/cmake-build-debug/CMakeFiles/CMakeTmp'
make[1]: Warning: File 'CMakeFiles/cmTC_514d3.dir/flags.make' has modification time 0,22 s in the future
Building C object CMakeFiles/cmTC_514d3.dir/src.c.o
/usr/lib/ccache/cc   -DCMAKE_HAVE_LIBC_PTHREAD   -o CMakeFiles/cmTC_514d3.dir/src.c.o   -c /home/htan/master_thesis/camera_calibration_with_Lens_distortion_from_low_rank_textures_ws/src/cmake-build-debug/CMakeFiles/CMakeTmp/src.c
Linking C executable cmTC_514d3
/usr/local/clion-2019.3.4/bin/cmake/linux/bin/cmake -E cmake_link_script CMakeFiles/cmTC_514d3.dir/link.txt --verbose=1
/usr/lib/ccache/cc  -DCMAKE_HAVE_LIBC_PTHREAD    -rdynamic CMakeFiles/cmTC_514d3.dir/src.c.o  -o cmTC_514d3 
CMakeFiles/cmTC_514d3.dir/src.c.o: In function `main':
src.c:(.text+0x3e): undefined reference to `pthread_create'
src.c:(.text+0x4a): undefined reference to `pthread_detach'
src.c:(.text+0x5b): undefined reference to `pthread_join'
src.c:(.text+0x6f): undefined reference to `pthread_atfork'
collect2: error: ld returned 1 exit status
CMakeFiles/cmTC_514d3.dir/build.make:86: recipe for target 'cmTC_514d3' failed
make[1]: *** [cmTC_514d3] Error 1
make[1]: Leaving directory '/home/htan/master_thesis/camera_calibration_with_Lens_distortion_from_low_rank_textures_ws/src/cmake-build-debug/CMakeFiles/CMakeTmp'
Makefile:121: recipe for target 'cmTC_514d3/fast' failed
make: *** [cmTC_514d3/fast] Error 2


Source file was:
#include <pthread.h>

void* test_func(void* data)
{
  return data;
}

int main(void)
{
  pthread_t thread;
  pthread_create(&thread, NULL, test_func, NULL);
  pthread_detach(thread);
  pthread_join(thread, NULL);
  pthread_atfork(NULL, NULL, NULL);
  pthread_exit(NULL);

  return 0;
}

Determining if the function pthread_create exists in the pthreads failed with the following output:
Change Dir: /home/htan/master_thesis/camera_calibration_with_Lens_distortion_from_low_rank_textures_ws/src/cmake-build-debug/CMakeFiles/CMakeTmp

Run Build Command(s):/usr/bin/make cmTC_bc539/fast && make: Warning: File 'Makefile' has modification time 0,23 s in the future
/usr/bin/make -f CMakeFiles/cmTC_bc539.dir/build.make CMakeFiles/cmTC_bc539.dir/build
make[1]: Entering directory '/home/htan/master_thesis/camera_calibration_with_Lens_distortion_from_low_rank_textures_ws/src/cmake-build-debug/CMakeFiles/CMakeTmp'
make[1]: Warning: File 'CMakeFiles/cmTC_bc539.dir/flags.make' has modification time 0,23 s in the future
Building C object CMakeFiles/cmTC_bc539.dir/CheckFunctionExists.c.o
/usr/lib/ccache/cc   -DCHECK_FUNCTION_EXISTS=pthread_create   -o CMakeFiles/cmTC_bc539.dir/CheckFunctionExists.c.o   -c /usr/local/clion-2019.3.4/bin/cmake/linux/share/cmake-3.15/Modules/CheckFunctionExists.c
Linking C executable cmTC_bc539
/usr/local/clion-2019.3.4/bin/cmake/linux/bin/cmake -E cmake_link_script CMakeFiles/cmTC_bc539.dir/link.txt --verbose=1
/usr/lib/ccache/cc  -DCHECK_FUNCTION_EXISTS=pthread_create    -rdynamic CMakeFiles/cmTC_bc539.dir/CheckFunctionExists.c.o  -o cmTC_bc539 -lpthreads 
/usr/bin/ld: cannot find -lpthreads
collect2: error: ld returned 1 exit status
CMakeFiles/cmTC_bc539.dir/build.make:86: recipe for target 'cmTC_bc539' failed
make[1]: *** [cmTC_bc539] Error 1
make[1]: Leaving directory '/home/htan/master_thesis/camera_calibration_with_Lens_distortion_from_low_rank_textures_ws/src/cmake-build-debug/CMakeFiles/CMakeTmp'
Makefile:121: recipe for target 'cmTC_bc539/fast' failed
make: *** [cmTC_bc539/fast] Error 2



